<?xml version="1.0" encoding="utf-8"?>
<TestRun id="3b6b1969-200a-4ae5-a14e-a1959b841fe5" name="@16fe321a39ac 2025-12-23 05:23:01" xmlns="http://microsoft.com/schemas/VisualStudio/TeamTest/2010">
  <Times creation="2025-12-23T05:23:01.2322232+00:00" queuing="2025-12-23T05:23:01.2322233+00:00" start="2025-12-23T05:22:59.5216507+00:00" finish="2025-12-23T05:23:02.6472976+00:00" />
  <TestSettings name="default" id="82fd790a-c072-4170-92aa-5d1280a73d53">
    <Deployment runDeploymentRoot="_16fe321a39ac_2025-12-23_05_23_01" />
  </TestSettings>
  <Results>
    <UnitTestResult executionId="be022ce7-ffee-4681-b3cf-3c902d0d914a" testId="ae92b16a-844b-d611-185f-2bc026fcfbb4" testName="Playwright.Tests.Tests.HelloPageTests.HelloPage_ShouldDisplay_HelloMessage_InParagraph" computerName="16fe321a39ac" duration="00:00:00.6545752" startTime="2025-12-23T05:23:01.0133696+00:00" endTime="2025-12-23T05:23:01.0133697+00:00" testType="13cdc9d9-ddb5-4fa4-a97d-d965ccfc6d4b" outcome="Passed" testListId="8c84fa94-04c1-424b-9868-57a2d4851a1d" relativeResultsDirectory="be022ce7-ffee-4681-b3cf-3c902d0d914a" />
    <UnitTestResult executionId="69086345-257f-4851-8d2e-2001666b4693" testId="9d291ace-2979-98d8-7bff-ed1e49fa2685" testName="Playwright.Tests.Tests.HelloPageWithPOMTests.HelloPage_ShouldHave_ParagraphText_UsingPOM" computerName="16fe321a39ac" duration="00:00:00.5599167" startTime="2025-12-23T05:23:01.7806813+00:00" endTime="2025-12-23T05:23:01.7806814+00:00" testType="13cdc9d9-ddb5-4fa4-a97d-d965ccfc6d4b" outcome="Passed" testListId="8c84fa94-04c1-424b-9868-57a2d4851a1d" relativeResultsDirectory="69086345-257f-4851-8d2e-2001666b4693" />
    <UnitTestResult executionId="2ef748fe-9d2d-4107-b338-eaac801c1827" testId="b40f3be5-8ee0-948c-5e44-6b1dcce4304f" testName="Playwright.Tests.Tests.HelloPageWithPOMTests.HelloPage_ShouldLoad_Quickly_UsingPOM" computerName="16fe321a39ac" duration="00:00:00.5746862" startTime="2025-12-23T05:23:02.5614747+00:00" endTime="2025-12-23T05:23:02.5614748+00:00" testType="13cdc9d9-ddb5-4fa4-a97d-d965ccfc6d4b" outcome="Passed" testListId="8c84fa94-04c1-424b-9868-57a2d4851a1d" relativeResultsDirectory="2ef748fe-9d2d-4107-b338-eaac801c1827" />
    <UnitTestResult executionId="bb57a62a-da5b-40c5-9d2c-51f8b9c46e66" testId="0f380e9a-f364-219b-c417-3cd54416ad3a" testName="Playwright.Tests.Tests.HelloPageWithPOMTests.HelloPage_ShouldDisplay_HelloMessage_UsingPOM" computerName="16fe321a39ac" duration="00:00:00.6545908" startTime="2025-12-23T05:23:01.0056492+00:00" endTime="2025-12-23T05:23:01.0056569+00:00" testType="13cdc9d9-ddb5-4fa4-a97d-d965ccfc6d4b" outcome="Passed" testListId="8c84fa94-04c1-424b-9868-57a2d4851a1d" relativeResultsDirectory="bb57a62a-da5b-40c5-9d2c-51f8b9c46e66" />
  </Results>
  <TestDefinitions>
    <UnitTest name="Playwright.Tests.Tests.HelloPageWithPOMTests.HelloPage_ShouldHave_ParagraphText_UsingPOM" storage="/app/bin/release/net9.0/playwright.tests.dll" id="9d291ace-2979-98d8-7bff-ed1e49fa2685">
      <Execution id="69086345-257f-4851-8d2e-2001666b4693" />
      <TestMethod codeBase="/app/bin/Release/net9.0/Playwright.Tests.dll" adapterTypeName="executor://xunit/VsTestRunner2/netcoreapp" className="Playwright.Tests.Tests.HelloPageWithPOMTests" name="HelloPage_ShouldHave_ParagraphText_UsingPOM" />
    </UnitTest>
    <UnitTest name="Playwright.Tests.Tests.HelloPageTests.HelloPage_ShouldDisplay_HelloMessage_InParagraph" storage="/app/bin/release/net9.0/playwright.tests.dll" id="ae92b16a-844b-d611-185f-2bc026fcfbb4">
      <Execution id="be022ce7-ffee-4681-b3cf-3c902d0d914a" />
      <TestMethod codeBase="/app/bin/Release/net9.0/Playwright.Tests.dll" adapterTypeName="executor://xunit/VsTestRunner2/netcoreapp" className="Playwright.Tests.Tests.HelloPageTests" name="HelloPage_ShouldDisplay_HelloMessage_InParagraph" />
    </UnitTest>
    <UnitTest name="Playwright.Tests.Tests.HelloPageWithPOMTests.HelloPage_ShouldDisplay_HelloMessage_UsingPOM" storage="/app/bin/release/net9.0/playwright.tests.dll" id="0f380e9a-f364-219b-c417-3cd54416ad3a">
      <Execution id="bb57a62a-da5b-40c5-9d2c-51f8b9c46e66" />
      <TestMethod codeBase="/app/bin/Release/net9.0/Playwright.Tests.dll" adapterTypeName="executor://xunit/VsTestRunner2/netcoreapp" className="Playwright.Tests.Tests.HelloPageWithPOMTests" name="HelloPage_ShouldDisplay_HelloMessage_UsingPOM" />
    </UnitTest>
    <UnitTest name="Playwright.Tests.Tests.HelloPageWithPOMTests.HelloPage_ShouldLoad_Quickly_UsingPOM" storage="/app/bin/release/net9.0/playwright.tests.dll" id="b40f3be5-8ee0-948c-5e44-6b1dcce4304f">
      <Execution id="2ef748fe-9d2d-4107-b338-eaac801c1827" />
      <TestMethod codeBase="/app/bin/Release/net9.0/Playwright.Tests.dll" adapterTypeName="executor://xunit/VsTestRunner2/netcoreapp" className="Playwright.Tests.Tests.HelloPageWithPOMTests" name="HelloPage_ShouldLoad_Quickly_UsingPOM" />
    </UnitTest>
  </TestDefinitions>
  <TestEntries>
    <TestEntry testId="ae92b16a-844b-d611-185f-2bc026fcfbb4" executionId="be022ce7-ffee-4681-b3cf-3c902d0d914a" testListId="8c84fa94-04c1-424b-9868-57a2d4851a1d" />
    <TestEntry testId="9d291ace-2979-98d8-7bff-ed1e49fa2685" executionId="69086345-257f-4851-8d2e-2001666b4693" testListId="8c84fa94-04c1-424b-9868-57a2d4851a1d" />
    <TestEntry testId="b40f3be5-8ee0-948c-5e44-6b1dcce4304f" executionId="2ef748fe-9d2d-4107-b338-eaac801c1827" testListId="8c84fa94-04c1-424b-9868-57a2d4851a1d" />
    <TestEntry testId="0f380e9a-f364-219b-c417-3cd54416ad3a" executionId="bb57a62a-da5b-40c5-9d2c-51f8b9c46e66" testListId="8c84fa94-04c1-424b-9868-57a2d4851a1d" />
  </TestEntries>
  <TestLists>
    <TestList name="Results Not in a List" id="8c84fa94-04c1-424b-9868-57a2d4851a1d" />
    <TestList name="All Loaded Results" id="19431567-8539-422a-85d7-44ee4e166bda" />
  </TestLists>
  <ResultSummary outcome="Completed">
    <Counters total="4" executed="4" passed="4" failed="0" error="0" timeout="0" aborted="0" inconclusive="0" passedButRunAborted="0" notRunnable="0" notExecuted="0" disconnected="0" warning="0" completed="0" inProgress="0" pending="0" />
    <Output>
      <StdOut>[xUnit.net 00:00:00.00] xUnit.net VSTest Adapter v2.8.2+699d445a1a (64-bit .NET 9.0.11)
[xUnit.net 00:00:00.02]   Discovering: Playwright.Tests
[xUnit.net 00:00:00.03]   Discovered:  Playwright.Tests
[xUnit.net 00:00:00.03]   Starting:    Playwright.Tests
[xUnit.net 00:00:02.83]   Finished:    Playwright.Tests
</StdOut>
    </Output>
    <CollectorDataEntries>
      <Collector agentName="16fe321a39ac" uri="datacollector://microsoft/CoverletCodeCoverage/1.0" collectorDisplayName="XPlat code coverage">
        <UriAttachments>
          <UriAttachment>
            <A href="16fe321a39ac/coverage.opencover.xml"></A>
          </UriAttachment>
        </UriAttachments>
      </Collector>
    </CollectorDataEntries>
  </ResultSummary>
</TestRun>